<?xml version="1.0" encoding="UTF-8"?>
<testng-results ignored="0" total="20" passed="20" failed="0" skipped="0">
  <reporter-output>
  </reporter-output>
  <suite started-at="2023-12-02T12:52:31 GMT" name="FlightReservation suit" finished-at="2023-12-02T12:52:59 GMT" duration-ms="28399">
    <groups>
    </groups>
    <test started-at="2023-12-02T12:52:31 GMT" name="passengers count 1" finished-at="2023-12-02T12:52:48 GMT" duration-ms="16859">
      <class name="tests.FlightReservationTest">
        <test-method is-config="true" signature="setUpDriver(org.testng.ITestContext)[pri:0, instance:tests.FlightReservationTest@5f77d0f9]" started-at="2023-12-02T12:52:31 GMT" name="setUpDriver" finished-at="2023-12-02T12:52:35 GMT" duration-ms="3521" status="PASS">
          <params>
            <param index="0">
              <value>
                <![CDATA[org.testng.TestRunner@42530531]]>
              </value>
            </param>
          </params>
          <reporter-output>
          </reporter-output>
        </test-method> <!-- setUpDriver -->
        <test-method is-config="true" signature="setUpFields(java.lang.String)[pri:0, instance:tests.FlightReservationTest@5f77d0f9]" started-at="2023-12-02T12:52:35 GMT" name="setUpFields" finished-at="2023-12-02T12:52:35 GMT" depends-on-methods="driverManager.DriverManagerTest.setUpDriver" duration-ms="316" status="PASS">
          <params>
            <param index="0">
              <value>
                <![CDATA[testData_inJSON/flightReservation/1_passenjer.json]]>
              </value>
            </param>
          </params>
          <reporter-output>
          </reporter-output>
        </test-method> <!-- setUpFields -->
        <test-method signature="userRegistrationTest()[pri:0, instance:tests.FlightReservationTest@5f77d0f9]" started-at="2023-12-02T12:52:35 GMT" name="userRegistrationTest" finished-at="2023-12-02T12:52:38 GMT" duration-ms="2832" status="PASS">
          <reporter-output>
          </reporter-output>
        </test-method> <!-- userRegistrationTest -->
        <test-method signature="registrationConfirmation()[pri:0, instance:tests.FlightReservationTest@5f77d0f9]" started-at="2023-12-02T12:52:38 GMT" name="registrationConfirmation" finished-at="2023-12-02T12:52:40 GMT" depends-on-methods="tests.FlightReservationTest.userRegistrationTest" duration-ms="2404" status="PASS">
          <reporter-output>
          </reporter-output>
        </test-method> <!-- registrationConfirmation -->
        <test-method signature="flightSerchTest()[pri:0, instance:tests.FlightReservationTest@5f77d0f9]" started-at="2023-12-02T12:52:40 GMT" name="flightSerchTest" finished-at="2023-12-02T12:52:43 GMT" depends-on-methods="tests.FlightReservationTest.registrationConfirmation" duration-ms="2474" status="PASS">
          <reporter-output>
          </reporter-output>
        </test-method> <!-- flightSerchTest -->
        <test-method signature="flightSelectionTest()[pri:0, instance:tests.FlightReservationTest@5f77d0f9]" started-at="2023-12-02T12:52:43 GMT" name="flightSelectionTest" finished-at="2023-12-02T12:52:45 GMT" depends-on-methods="tests.FlightReservationTest.flightSerchTest" duration-ms="2862" status="PASS">
          <reporter-output>
          </reporter-output>
        </test-method> <!-- flightSelectionTest -->
        <test-method signature="flightConfirmation()[pri:0, instance:tests.FlightReservationTest@5f77d0f9]" started-at="2023-12-02T12:52:45 GMT" name="flightConfirmation" finished-at="2023-12-02T12:52:48 GMT" depends-on-methods="tests.FlightReservationTest.flightSelectionTest" duration-ms="2302" status="PASS">
          <reporter-output>
          </reporter-output>
        </test-method> <!-- flightConfirmation -->
        <test-method is-config="true" signature="qiutDriver()[pri:0, instance:tests.FlightReservationTest@5f77d0f9]" started-at="2023-12-02T12:52:48 GMT" name="qiutDriver" finished-at="2023-12-02T12:52:48 GMT" duration-ms="95" status="PASS">
          <reporter-output>
          </reporter-output>
        </test-method> <!-- qiutDriver -->
      </class> <!-- tests.FlightReservationTest -->
    </test> <!-- passengers count 1 -->
    <test started-at="2023-12-02T12:52:31 GMT" name="passengers count 4" finished-at="2023-12-02T12:52:51 GMT" duration-ms="19919">
      <class name="tests.FlightReservationTest">
        <test-method is-config="true" signature="setUpConfigurationProperties()[pri:0, instance:tests.FlightReservationTest@404bbcbd]" started-at="2023-12-02T12:52:31 GMT" name="setUpConfigurationProperties" finished-at="2023-12-02T12:52:31 GMT" duration-ms="107" status="PASS">
          <reporter-output>
          </reporter-output>
        </test-method> <!-- setUpConfigurationProperties -->
        <test-method is-config="true" signature="setUpDriver(org.testng.ITestContext)[pri:0, instance:tests.FlightReservationTest@404bbcbd]" started-at="2023-12-02T12:52:31 GMT" name="setUpDriver" finished-at="2023-12-02T12:52:42 GMT" duration-ms="10985" status="PASS">
          <params>
            <param index="0">
              <value>
                <![CDATA[org.testng.TestRunner@181e731e]]>
              </value>
            </param>
          </params>
          <reporter-output>
          </reporter-output>
        </test-method> <!-- setUpDriver -->
        <test-method is-config="true" signature="setUpFields(java.lang.String)[pri:0, instance:tests.FlightReservationTest@404bbcbd]" started-at="2023-12-02T12:52:42 GMT" name="setUpFields" finished-at="2023-12-02T12:52:42 GMT" depends-on-methods="driverManager.DriverManagerTest.setUpDriver" duration-ms="2" status="PASS">
          <params>
            <param index="0">
              <value>
                <![CDATA[testData_inJSON/flightReservation/4_passenjers.json]]>
              </value>
            </param>
          </params>
          <reporter-output>
          </reporter-output>
        </test-method> <!-- setUpFields -->
        <test-method signature="userRegistrationTest()[pri:0, instance:tests.FlightReservationTest@404bbcbd]" started-at="2023-12-02T12:52:42 GMT" name="userRegistrationTest" finished-at="2023-12-02T12:52:44 GMT" duration-ms="1867" status="PASS">
          <reporter-output>
          </reporter-output>
        </test-method> <!-- userRegistrationTest -->
        <test-method signature="registrationConfirmation()[pri:0, instance:tests.FlightReservationTest@404bbcbd]" started-at="2023-12-02T12:52:44 GMT" name="registrationConfirmation" finished-at="2023-12-02T12:52:45 GMT" depends-on-methods="tests.FlightReservationTest.userRegistrationTest" duration-ms="830" status="PASS">
          <reporter-output>
          </reporter-output>
        </test-method> <!-- registrationConfirmation -->
        <test-method signature="flightSerchTest()[pri:0, instance:tests.FlightReservationTest@404bbcbd]" started-at="2023-12-02T12:52:45 GMT" name="flightSerchTest" finished-at="2023-12-02T12:52:47 GMT" depends-on-methods="tests.FlightReservationTest.registrationConfirmation" duration-ms="2698" status="PASS">
          <reporter-output>
          </reporter-output>
        </test-method> <!-- flightSerchTest -->
        <test-method signature="flightSelectionTest()[pri:0, instance:tests.FlightReservationTest@404bbcbd]" started-at="2023-12-02T12:52:47 GMT" name="flightSelectionTest" finished-at="2023-12-02T12:52:50 GMT" depends-on-methods="tests.FlightReservationTest.flightSerchTest" duration-ms="2671" status="PASS">
          <reporter-output>
          </reporter-output>
        </test-method> <!-- flightSelectionTest -->
        <test-method signature="flightConfirmation()[pri:0, instance:tests.FlightReservationTest@404bbcbd]" started-at="2023-12-02T12:52:50 GMT" name="flightConfirmation" finished-at="2023-12-02T12:52:51 GMT" depends-on-methods="tests.FlightReservationTest.flightSelectionTest" duration-ms="746" status="PASS">
          <reporter-output>
          </reporter-output>
        </test-method> <!-- flightConfirmation -->
        <test-method is-config="true" signature="qiutDriver()[pri:0, instance:tests.FlightReservationTest@404bbcbd]" started-at="2023-12-02T12:52:51 GMT" name="qiutDriver" finished-at="2023-12-02T12:52:51 GMT" duration-ms="113" status="PASS">
          <reporter-output>
          </reporter-output>
        </test-method> <!-- qiutDriver -->
      </class> <!-- tests.FlightReservationTest -->
    </test> <!-- passengers count 4 -->
    <test started-at="2023-12-02T12:52:31 GMT" name="passengers count 3" finished-at="2023-12-02T12:52:58 GMT" duration-ms="27095">
      <class name="tests.FlightReservationTest">
        <test-method is-config="true" signature="setUpDriver(org.testng.ITestContext)[pri:0, instance:tests.FlightReservationTest@3ddc6915]" started-at="2023-12-02T12:52:31 GMT" name="setUpDriver" finished-at="2023-12-02T12:52:48 GMT" duration-ms="17376" status="PASS">
          <params>
            <param index="0">
              <value>
                <![CDATA[org.testng.TestRunner@35645047]]>
              </value>
            </param>
          </params>
          <reporter-output>
          </reporter-output>
        </test-method> <!-- setUpDriver -->
        <test-method is-config="true" signature="setUpFields(java.lang.String)[pri:0, instance:tests.FlightReservationTest@3ddc6915]" started-at="2023-12-02T12:52:48 GMT" name="setUpFields" finished-at="2023-12-02T12:52:48 GMT" depends-on-methods="driverManager.DriverManagerTest.setUpDriver" duration-ms="1" status="PASS">
          <params>
            <param index="0">
              <value>
                <![CDATA[testData_inJSON/flightReservation/3_passenjers.json]]>
              </value>
            </param>
          </params>
          <reporter-output>
          </reporter-output>
        </test-method> <!-- setUpFields -->
        <test-method signature="userRegistrationTest()[pri:0, instance:tests.FlightReservationTest@3ddc6915]" started-at="2023-12-02T12:52:48 GMT" name="userRegistrationTest" finished-at="2023-12-02T12:52:50 GMT" duration-ms="1764" status="PASS">
          <reporter-output>
          </reporter-output>
        </test-method> <!-- userRegistrationTest -->
        <test-method signature="registrationConfirmation()[pri:0, instance:tests.FlightReservationTest@3ddc6915]" started-at="2023-12-02T12:52:50 GMT" name="registrationConfirmation" finished-at="2023-12-02T12:52:51 GMT" depends-on-methods="tests.FlightReservationTest.userRegistrationTest" duration-ms="873" status="PASS">
          <reporter-output>
          </reporter-output>
        </test-method> <!-- registrationConfirmation -->
        <test-method signature="flightSerchTest()[pri:0, instance:tests.FlightReservationTest@3ddc6915]" started-at="2023-12-02T12:52:51 GMT" name="flightSerchTest" finished-at="2023-12-02T12:52:53 GMT" depends-on-methods="tests.FlightReservationTest.registrationConfirmation" duration-ms="2214" status="PASS">
          <reporter-output>
          </reporter-output>
        </test-method> <!-- flightSerchTest -->
        <test-method signature="flightSelectionTest()[pri:0, instance:tests.FlightReservationTest@3ddc6915]" started-at="2023-12-02T12:52:53 GMT" name="flightSelectionTest" finished-at="2023-12-02T12:52:56 GMT" depends-on-methods="tests.FlightReservationTest.flightSerchTest" duration-ms="2313" status="PASS">
          <reporter-output>
          </reporter-output>
        </test-method> <!-- flightSelectionTest -->
        <test-method signature="flightConfirmation()[pri:0, instance:tests.FlightReservationTest@3ddc6915]" started-at="2023-12-02T12:52:56 GMT" name="flightConfirmation" finished-at="2023-12-02T12:52:58 GMT" depends-on-methods="tests.FlightReservationTest.flightSelectionTest" duration-ms="2428" status="PASS">
          <reporter-output>
          </reporter-output>
        </test-method> <!-- flightConfirmation -->
        <test-method is-config="true" signature="qiutDriver()[pri:0, instance:tests.FlightReservationTest@3ddc6915]" started-at="2023-12-02T12:52:58 GMT" name="qiutDriver" finished-at="2023-12-02T12:52:58 GMT" duration-ms="119" status="PASS">
          <reporter-output>
          </reporter-output>
        </test-method> <!-- qiutDriver -->
      </class> <!-- tests.FlightReservationTest -->
    </test> <!-- passengers count 3 -->
    <test started-at="2023-12-02T12:52:31 GMT" name="passengers count 2" finished-at="2023-12-02T12:52:59 GMT" duration-ms="28388">
      <class name="tests.FlightReservationTest">
        <test-method is-config="true" signature="setUpDriver(org.testng.ITestContext)[pri:0, instance:tests.FlightReservationTest@4b5189ac]" started-at="2023-12-02T12:52:31 GMT" name="setUpDriver" finished-at="2023-12-02T12:52:52 GMT" duration-ms="20597" status="PASS">
          <params>
            <param index="0">
              <value>
                <![CDATA[org.testng.TestRunner@5a3bc7ed]]>
              </value>
            </param>
          </params>
          <reporter-output>
          </reporter-output>
        </test-method> <!-- setUpDriver -->
        <test-method is-config="true" signature="setUpFields(java.lang.String)[pri:0, instance:tests.FlightReservationTest@4b5189ac]" started-at="2023-12-02T12:52:52 GMT" name="setUpFields" finished-at="2023-12-02T12:52:52 GMT" depends-on-methods="driverManager.DriverManagerTest.setUpDriver" duration-ms="3" status="PASS">
          <params>
            <param index="0">
              <value>
                <![CDATA[testData_inJSON/flightReservation/2_passenjers.json]]>
              </value>
            </param>
          </params>
          <reporter-output>
          </reporter-output>
        </test-method> <!-- setUpFields -->
        <test-method signature="userRegistrationTest()[pri:0, instance:tests.FlightReservationTest@4b5189ac]" started-at="2023-12-02T12:52:52 GMT" name="userRegistrationTest" finished-at="2023-12-02T12:52:53 GMT" duration-ms="1809" status="PASS">
          <reporter-output>
          </reporter-output>
        </test-method> <!-- userRegistrationTest -->
        <test-method signature="registrationConfirmation()[pri:0, instance:tests.FlightReservationTest@4b5189ac]" started-at="2023-12-02T12:52:53 GMT" name="registrationConfirmation" finished-at="2023-12-02T12:52:55 GMT" depends-on-methods="tests.FlightReservationTest.userRegistrationTest" duration-ms="2018" status="PASS">
          <reporter-output>
          </reporter-output>
        </test-method> <!-- registrationConfirmation -->
        <test-method signature="flightSerchTest()[pri:0, instance:tests.FlightReservationTest@4b5189ac]" started-at="2023-12-02T12:52:55 GMT" name="flightSerchTest" finished-at="2023-12-02T12:52:57 GMT" depends-on-methods="tests.FlightReservationTest.registrationConfirmation" duration-ms="1564" status="PASS">
          <reporter-output>
          </reporter-output>
        </test-method> <!-- flightSerchTest -->
        <test-method signature="flightSelectionTest()[pri:0, instance:tests.FlightReservationTest@4b5189ac]" started-at="2023-12-02T12:52:57 GMT" name="flightSelectionTest" finished-at="2023-12-02T12:52:58 GMT" depends-on-methods="tests.FlightReservationTest.flightSerchTest" duration-ms="1058" status="PASS">
          <reporter-output>
          </reporter-output>
        </test-method> <!-- flightSelectionTest -->
        <test-method signature="flightConfirmation()[pri:0, instance:tests.FlightReservationTest@4b5189ac]" started-at="2023-12-02T12:52:58 GMT" name="flightConfirmation" finished-at="2023-12-02T12:52:59 GMT" depends-on-methods="tests.FlightReservationTest.flightSelectionTest" duration-ms="1212" status="PASS">
          <reporter-output>
          </reporter-output>
        </test-method> <!-- flightConfirmation -->
        <test-method is-config="true" signature="qiutDriver()[pri:0, instance:tests.FlightReservationTest@4b5189ac]" started-at="2023-12-02T12:52:59 GMT" name="qiutDriver" finished-at="2023-12-02T12:52:59 GMT" duration-ms="110" status="PASS">
          <reporter-output>
          </reporter-output>
        </test-method> <!-- qiutDriver -->
      </class> <!-- tests.FlightReservationTest -->
    </test> <!-- passengers count 2 -->
  </suite> <!-- FlightReservation suit -->
</testng-results>
